0 info it worked if it ends with ok
1 verbose cli [ '/usr/local/Cellar/node/6.2.0/bin/node',
1 verbose cli   '/usr/local/bin/npm',
1 verbose cli   'run',
1 verbose cli   'lint' ]
2 info using npm@3.9.6
3 info using node@v6.2.0
4 verbose run-script [ 'prelint', 'lint', 'postlint' ]
5 info lifecycle mino-ts-bp@1.0.0~prelint: mino-ts-bp@1.0.0
6 silly lifecycle mino-ts-bp@1.0.0~prelint: no script for prelint, continuing
7 info lifecycle mino-ts-bp@1.0.0~lint: mino-ts-bp@1.0.0
8 verbose lifecycle mino-ts-bp@1.0.0~lint: unsafe-perm in lifecycle true
9 verbose lifecycle mino-ts-bp@1.0.0~lint: PATH: /usr/local/lib/node_modules/npm/bin/node-gyp-bin:/Users/grebonato/Code/JavaScript/mino-react-ts-bp/node_modules/.bin:/usr/local/Cellar/node/6.2.0/bin:/Users/grebonato/.rvm/gems/ruby-2.2.1/bin:/Users/grebonato/.rvm/gems/ruby-2.2.1@global/bin:/Users/grebonato/.rvm/rubies/ruby-2.2.1/bin:/usr/local/sbin:/Library/Java/JavaVirtualMachines/jdk1.8.0_91.jdk/Contents/Home/bin:/Users/grebonato/Code/zendesk/docker-images/dockmaster/bin:/usr/local/bin:/usr/bin:/bin:/usr/sbin:/sbin:/opt/X11/bin:/Users/grebonato/bin:/usr/local/bin:/usr/bin:/bin:/usr/sbin:/sbin:/opt/X11/bin:/Users/grebonato/.rvm/bin
10 verbose lifecycle mino-ts-bp@1.0.0~lint: CWD: /Users/grebonato/Code/JavaScript/mino-react-ts-bp
11 silly lifecycle mino-ts-bp@1.0.0~lint: Args: [ '-c',
11 silly lifecycle   '$(npm bin)/tslint -c tslint.json client/**/**.ts client/**/**.tsx server/**/**.ts' ]
12 silly lifecycle mino-ts-bp@1.0.0~lint: Returned: code: 2  signal: null
13 info lifecycle mino-ts-bp@1.0.0~lint: Failed to exec lint script
14 verbose stack Error: mino-ts-bp@1.0.0 lint: `$(npm bin)/tslint -c tslint.json client/**/**.ts client/**/**.tsx server/**/**.ts`
14 verbose stack Exit status 2
14 verbose stack     at EventEmitter.<anonymous> (/usr/local/lib/node_modules/npm/lib/utils/lifecycle.js:245:16)
14 verbose stack     at emitTwo (events.js:106:13)
14 verbose stack     at EventEmitter.emit (events.js:191:7)
14 verbose stack     at ChildProcess.<anonymous> (/usr/local/lib/node_modules/npm/lib/utils/spawn.js:24:14)
14 verbose stack     at emitTwo (events.js:106:13)
14 verbose stack     at ChildProcess.emit (events.js:191:7)
14 verbose stack     at maybeClose (internal/child_process.js:850:16)
14 verbose stack     at Process.ChildProcess._handle.onexit (internal/child_process.js:215:5)
15 verbose pkgid mino-ts-bp@1.0.0
16 verbose cwd /Users/grebonato/Code/JavaScript/mino-react-ts-bp
17 error Darwin 15.5.0
18 error argv "/usr/local/Cellar/node/6.2.0/bin/node" "/usr/local/bin/npm" "run" "lint"
19 error node v6.2.0
20 error npm  v3.9.6
21 error code ELIFECYCLE
22 error mino-ts-bp@1.0.0 lint: `$(npm bin)/tslint -c tslint.json client/**/**.ts client/**/**.tsx server/**/**.ts`
22 error Exit status 2
23 error Failed at the mino-ts-bp@1.0.0 lint script '$(npm bin)/tslint -c tslint.json client/**/**.ts client/**/**.tsx server/**/**.ts'.
23 error Make sure you have the latest version of node.js and npm installed.
23 error If you do, this is most likely a problem with the mino-ts-bp package,
23 error not with npm itself.
23 error Tell the author that this fails on your system:
23 error     $(npm bin)/tslint -c tslint.json client/**/**.ts client/**/**.tsx server/**/**.ts
23 error You can get information on how to open an issue for this project with:
23 error     npm bugs mino-ts-bp
23 error Or if that isn't available, you can get their info via:
23 error     npm owner ls mino-ts-bp
23 error There is likely additional logging output above.
24 verbose exit [ 1, true ]
